Diagnose log at 2026-06-13T07:30:30Z

AppPath: C:\Program Files\Git\mingw64\bin\git-credential-manager.exe
InstallDir: C:\Program Files\Git\mingw64\bin\
Version: 2.7.3+5fa7116896c82164996a609accd1c5ad90fe730a

------------
Diagnostic: Environment
Skipped: False
Success: True
Exception: None
Log:
OSType: Windows
OSVersion: 10.0 (build 26200)
Reading environment variables... OK
 Variables:
SystemDrive=C:
ProgramFiles(x86)=C:\Program Files (x86)
MSYSTEM=MINGW64
ProgramW6432=C:\Program Files
PROCESSOR_IDENTIFIER=AMD64 Family 25 Model 80 Stepping 0, AuthenticAMD
TMP=C:\Users\SER5MA~1\AppData\Local\Temp
PROCESSOR_ARCHITECTURE=AMD64
VSCODE_GIT_ASKPASS_MAIN=c:\Users\SER5 MAX\AppData\Roaming\Code\User\globalStorage\vscode.git\askpass\493597c785d4c5cb\askpass-main.js
Path=C:/Program Files/Git/mingw64/libexec/git-core;C:\Program Files\Git\mingw64\bin;C:\Program Files\Git\usr\bin;C:\Users\SER5 MAX\bin;C:\WINDOWS\system32;C:\WINDOWS;C:\WINDOWS\System32\Wbem;C:\WINDOWS\System32\WindowsPowerShell\v1.0\;C:\WINDOWS\System32\OpenSSH\;C:\Program Files\nodejs\;C:\xampp\php;C:\ProgramData\ComposerSetup\bin;C:\Program Files\Git\cmd;C:\Users\SER5 MAX\.local\bin;C:\Users\SER5 MAX\AppData\Local\Microsoft\WindowsApps;C:\Users\SER5 MAX\AppData\Local\Programs\Microsoft VS Code\bin;C:\Users\SER5 MAX\AppData\Roaming\npm;C:\Users\SER5 MAX\AppData\Roaming\Composer\vendor\bin
EFC_7276_4126798990=1
PROCESSOR_REVISION=5000
TEMP=C:\Users\SER5MA~1\AppData\Local\Temp
USERPROFILE=C:\Users\SER5 MAX
LOGONSERVER=\\UYM-050003
TERM=xterm-256color
USERNAME=SER5 MAX
SystemRoot=C:\WINDOWS
CHROME_CRASHPAD_PIPE_NAME=\\.\pipe\crashpad_7720_YQQAXWPXYOXHGVUZ
GIT_EXEC_PATH=C:/Program Files/Git/mingw64/libexec/git-core
PLINK_PROTOCOL=ssh
OneDrive=C:\Users\SER5 MAX\OneDrive
USERDOMAIN_ROAMINGPROFILE=UYM-050003
CommonProgramFiles=C:\Program Files\Common Files
VSCODE_INJECTION=1
VSCODE_PYTHON_AUTOACTIVATE_GUARD=1
ProgramData=C:\ProgramData
LANG=en_US.UTF-8
GIT_ASKPASS=c:\Users\SER5 MAX\AppData\Roaming\Code\User\globalStorage\vscode.git\askpass\493597c785d4c5cb\askpass.sh
HOMEPATH=\Users\SER5 MAX
COMPUTERNAME=UYM-050003
ALLUSERSPROFILE=C:\ProgramData
CommonProgramW6432=C:\Program Files\Common Files
SESSIONNAME=Console
DriverData=C:\Windows\System32\Drivers\DriverData
HOMEDRIVE=C:
windir=C:\WINDOWS
GIT_TRACE2_PARENT_SID=cc4d8bf0-319a-446a-a86c-f9bd409ed129
VSCODE_GIT_ASKPASS_NODE=C:\Users\SER5 MAX\AppData\Local\Programs\Microsoft VS Code\Code.exe
NUMBER_OF_PROCESSORS=16
OS=Windows_NT
EFC_7276_1592913036=1
ProgramFiles=C:\Program Files
ComSpec=C:\WINDOWS\system32\cmd.exe
PATHEXT=.COM;.EXE;.BAT;.CMD;.VBS;.VBE;.JS;.JSE;.WSF;.WSH;.MSC;.CPL
HOME=C:\Users\SER5 MAX
PSModulePath=C:\Users\SER5 MAX\OneDrive\Documents\WindowsPowerShell\Modules;C:\Program Files\WindowsPowerShell\Modules;C:\WINDOWS\system32\WindowsPowerShell\v1.0\Modules
TMPDIR=C:\Users\SER5MA~1\AppData\Local\Temp
APPDATA=C:\Users\SER5 MAX\AppData\Roaming
USERDOMAIN=UYM-050003
PROCESSOR_LEVEL=25
LOCALAPPDATA=C:\Users\SER5 MAX\AppData\Local
VSCODE_GIT_IPC_HANDLE=\\.\pipe\vscode-git-9ae1d99fb2-sock
TERM_PROGRAM_VERSION=1.124.2
CommonProgramFiles(x86)=C:\Program Files (x86)\Common Files
COLORTERM=truecolor
PUBLIC=C:\Users\Public
TERM_PROGRAM=vscode
VSCODE_GIT_ASKPASS_EXTRA_ARGS=


------------
Diagnostic: File system
Skipped: False
Success: True
Exception: None
Log:
Temporary directory is 'C:\Users\SER5 MAX\AppData\Local\Temp\'...
Checking basic file I/O...
Writing to temporary file 'C:\Users\SER5 MAX\AppData\Local\Temp\8b994dce8fcd952badb3bcd8'... OK
Reading from temporary file 'C:\Users\SER5 MAX\AppData\Local\Temp\8b994dce8fcd952badb3bcd8'... OK
Deleting temporary file 'C:\Users\SER5 MAX\AppData\Local\Temp\8b994dce8fcd952badb3bcd8'... OK
Testing IFileSystem instance...
UserHomePath: C:\Users\SER5 MAX
UserDataDirectoryPath: C:\Users\SER5 MAX\.gcm
GetCurrentDirectory(): D:\pemrograman mobile\tugas3dan4

------------
Diagnostic: Networking
Skipped: False
Success: True
Exception: None
Log:
Checking networking and HTTP stack...
Creating HTTP client... OK
IsNetworkAvailable: True
Sending HEAD request to http://example.com...Sending HEAD request to https://example.com... OK
 OK
Acquiring free TCP port... OK
Testing local HTTP loopback connections...
Creating new HTTP listener for http://localhost:50536/... OK
Waiting for loopback connection... OK
Writing response... OK
Waiting for response data... OK
Loopback connection data OK

------------
Diagnostic: Git
Skipped: False
Success: True
Exception: None
Log:
Getting Git version... OK
Git version is '2.54.0.windows.1'
Locating current repository...Git repository at 'D:/pemrograman mobile/tugas3dan4/.git'
 OK
Listing all Git configuration... OK
Git configuration:
file:C:/Program Files/Git/etc/gitconfig	diff.astextplain.textconv=astextplain
file:C:/Program Files/Git/etc/gitconfig	filter.lfs.clean=git-lfs clean -- %f
file:C:/Program Files/Git/etc/gitconfig	filter.lfs.smudge=git-lfs smudge -- %f
file:C:/Program Files/Git/etc/gitconfig	filter.lfs.process=git-lfs filter-process
file:C:/Program Files/Git/etc/gitconfig	filter.lfs.required=true
file:C:/Program Files/Git/etc/gitconfig	http.sslbackend=schannel
file:C:/Program Files/Git/etc/gitconfig	core.autocrlf=true
file:C:/Program Files/Git/etc/gitconfig	core.fscache=true
file:C:/Program Files/Git/etc/gitconfig	core.symlinks=false
file:C:/Program Files/Git/etc/gitconfig	pull.rebase=false
file:C:/Program Files/Git/etc/gitconfig	credential.helper=manager
file:C:/Program Files/Git/etc/gitconfig	credential.https://dev.azure.com.usehttppath=true
file:C:/Program Files/Git/etc/gitconfig	init.defaultbranch=master
file:C:/Users/SER5 MAX/.gitconfig	user.email=you@example.com
file:C:/Users/SER5 MAX/.gitconfig	user.name=Your Name
file:.git/config	core.repositoryformatversion=0
file:.git/config	core.filemode=false
file:.git/config	core.bare=false
file:.git/config	core.logallrefupdates=true
file:.git/config	core.symlinks=false
file:.git/config	core.ignorecase=true
file:.git/config	remote.origin.url=https://gitlab.com/riskiiii/porjeknative3.git
file:.git/config	remote.origin.fetch=+refs/heads/*:refs/remotes/origin/*
file:.git/config	branch.main.remote=origin
file:.git/config	branch.main.merge=refs/heads/main
file:.git/config	branch.main.vscode-merge-base=origin/main


------------
Diagnostic: Credential storage
Skipped: False
Success: True
Exception: None
Log:
ICredentialStore instance is of type: CredentialStore
Writing test credential... OK
Reading test credential... OK
Deleting test credential... OK

------------
Diagnostic: Microsoft authentication (AAD/MSA)
Skipped: False
Success: True
Exception: None
Log:
Broker is not enabled.
Flow type is: Auto
Gathering MSAL token cache data... OK
CacheDirectory: C:\Users\SER5 MAX\AppData\Local\.IdentityService
CacheFileName: msal.cache
CacheFilePath: C:\Users\SER5 MAX\AppData\Local\.IdentityService\msal.cache
Creating cache helper... OK
Verifying MSAL token cache persistence... OK

------------
Diagnostic: GitHub API
Skipped: False
Success: True
Exception: None
Log:
Using 'https://github.com/' as API target.
Querying '/meta' endpoint... OK

